C:\Восстановлен HDD\Gendannet\HDD2(G)\Потерял\Каталог нетронутый\Моя папка\2022\0802.Р.22\3-1 участок\1. ТС\0802.Р.22-ТС3 1.dwg,Титульный лист,06.01.2023 13:46:03,romas,AutoCAD PDF (General Documentation).pc3,ISO без полей A4 (297.00 x 210.00 мм),1:1,
C:\Восстановлен HDD\Gendannet\HDD2(G)\Потерял\Каталог нетронутый\Моя папка\2022\0802.Р.22\3-1 участок\1. ТС\0802.Р.22-ТС3 1.dwg,Общие данные (начало),06.01.2023 13:46:04,romas,AutoCAD PDF (General Documentation).pc3,ISO без полей A3 (420.00 x 297.00 мм),1:1,
C:\Восстановлен HDD\Gendannet\HDD2(G)\Потерял\Каталог нетронутый\Моя папка\2022\0802.Р.22\3-1 участок\1. ТС\0802.Р.22-ТС3 1.dwg,Общие данные (окончание),06.01.2023 13:46:05,romas,AutoCAD PDF (General Documentation).pc3,ISO без полей A4 (297.00 x 210.00 мм),1:1,
C:\Восстановлен HDD\Gendannet\HDD2(G)\Потерял\Каталог нетронутый\Моя папка\2022\0802.Р.22\3-1 участок\1. ТС\0802.Р.22-ТС3 1.dwg,ПБ,06.01.2023 13:46:06,romas,AutoCAD PDF (General Documentation).pc3,ISO без полей A4 (297.00 x 210.00 мм),1:1,
C:\Восстановлен HDD\Gendannet\HDD2(G)\Потерял\Каталог нетронутый\Моя папка\2022\0802.Р.22\3-1 участок\1. ТС\0802.Р.22-ТС3 1.dwg,План теплотрассы.,06.01.2023 13:46:07,romas,AutoCAD PDF (General Documentation).pc3,ISO без полей A3 (420.00 x 297.00 мм),1:1,
C:\Восстановлен HDD\Gendannet\HDD2(G)\Потерял\Каталог нетронутый\Моя папка\2022\0802.Р.22\3-1 участок\1. ТС\0802.Р.22-ТС3 1.dwg,Схема теплотрассы.,06.01.2023 13:46:09,romas,AutoCAD PDF (General Documentation).pc3,ISO без полей A3 (420.00 x 297.00 мм),1:1,
C:\Восстановлен HDD\Gendannet\HDD2(G)\Потерял\Каталог нетронутый\Моя папка\2022\0802.Р.22\3-1 участок\1. ТС\0802.Р.22-ТС3 1.dwg,Продольный профиль,06.01.2023 13:46:10,romas,AutoCAD PDF (General Documentation).pc3,Прежний размер листа (891.00 x 420.00 мм),1:1,
C:\Восстановлен HDD\Gendannet\HDD2(G)\Потерял\Каталог нетронутый\Моя папка\2022\0802.Р.22\3-1 участок\1. ТС\0802.Р.22-ТС3 1.dwg,ТК-8014,06.01.2023 13:46:11,romas,AutoCAD PDF (General Documentation).pc3,ISO без полей A2 (594.00 x 420.00 мм),1:1,
C:\Восстановлен HDD\Gendannet\HDD2(G)\Потерял\Каталог нетронутый\Моя папка\2022\0802.Р.22\3-1 участок\1. ТС\0802.Р.22-ТС3 1.dwg,Врезка на д. 24,06.01.2023 13:46:12,romas,AutoCAD PDF (General Documentation).pc3,ISO без полей A2 (594.00 x 420.00 мм),1:1,
C:\Восстановлен HDD\Gendannet\HDD2(G)\Потерял\Каталог нетронутый\Моя папка\2022\0802.Р.22\3-1 участок\1. ТС\0802.Р.22-ТС3 1.dwg,КД3,06.01.2023 13:46:14,romas,AutoCAD PDF (General Documentation).pc3,ISO без полей A3 (420.00 x 297.00 мм),1:1,
C:\Восстановлен HDD\Gendannet\HDD2(G)\Потерял\Каталог нетронутый\Моя папка\2022\0802.Р.22\3-1 участок\1. ТС\0802.Р.22-ТС3 1.dwg,Спецификация,06.01.2023 13:46:15,romas,AutoCAD PDF (General Documentation).pc3,Прежний размер листа (891.00 x 420.00 мм),1:1,
C:\Восстановлен HDD\Gendannet\HDD2(G)\Потерял\Каталог нетронутый\Моя папка\2022\0802.Р.22\3-1 участок\1. ТС\0802.Р.22-ТС3 1.dwg,Титульный лист,06.01.2023 13:51:07,romas,AutoCAD PDF (General Documentation).pc3,ISO без полей A4 (297.00 x 210.00 мм),1:1,
C:\Восстановлен HDD\Gendannet\HDD2(G)\Потерял\Каталог нетронутый\Моя папка\2022\0802.Р.22\3-1 участок\1. ТС\0802.Р.22-ТС3 1.dwg,Общие данные (начало),06.01.2023 13:51:08,romas,AutoCAD PDF (General Documentation).pc3,ISO без полей A3 (420.00 x 297.00 мм),1:1,
C:\Восстановлен HDD\Gendannet\HDD2(G)\Потерял\Каталог нетронутый\Моя папка\2022\0802.Р.22\3-1 участок\1. ТС\0802.Р.22-ТС3 1.dwg,Общие данные (окончание),06.01.2023 13:51:10,romas,AutoCAD PDF (General Documentation).pc3,ISO без полей A4 (297.00 x 210.00 мм),1:1,
C:\Восстановлен HDD\Gendannet\HDD2(G)\Потерял\Каталог нетронутый\Моя папка\2022\0802.Р.22\3-1 участок\1. ТС\0802.Р.22-ТС3 1.dwg,ПБ,06.01.2023 13:51:11,romas,AutoCAD PDF (General Documentation).pc3,ISO без полей A4 (297.00 x 210.00 мм),1:1,
C:\Восстановлен HDD\Gendannet\HDD2(G)\Потерял\Каталог нетронутый\Моя папка\2022\0802.Р.22\3-1 участок\1. ТС\0802.Р.22-ТС3 1.dwg,План теплотрассы.,06.01.2023 13:51:11,romas,AutoCAD PDF (General Documentation).pc3,ISO без полей A3 (420.00 x 297.00 мм),1:1,
C:\Восстановлен HDD\Gendannet\HDD2(G)\Потерял\Каталог нетронутый\Моя папка\2022\0802.Р.22\3-1 участок\1. ТС\0802.Р.22-ТС3 1.dwg,Схема теплотрассы.,06.01.2023 13:51:13,romas,AutoCAD PDF (General Documentation).pc3,ISO без полей A3 (420.00 x 297.00 мм),1:1,
C:\Восстановлен HDD\Gendannet\HDD2(G)\Потерял\Каталог нетронутый\Моя папка\2022\0802.Р.22\3-1 участок\1. ТС\0802.Р.22-ТС3 1.dwg,Продольный профиль,06.01.2023 13:51:14,romas,AutoCAD PDF (General Documentation).pc3,Прежний размер листа (891.00 x 420.00 мм),1:1,
C:\Восстановлен HDD\Gendannet\HDD2(G)\Потерял\Каталог нетронутый\Моя папка\2022\0802.Р.22\3-1 участок\1. ТС\0802.Р.22-ТС3 1.dwg,ТК-8014,06.01.2023 13:51:15,romas,AutoCAD PDF (General Documentation).pc3,ISO без полей A2 (594.00 x 420.00 мм),1:1,
C:\Восстановлен HDD\Gendannet\HDD2(G)\Потерял\Каталог нетронутый\Моя папка\2022\0802.Р.22\3-1 участок\1. ТС\0802.Р.22-ТС3 1.dwg,Врезка на д. 24,06.01.2023 13:51:16,romas,AutoCAD PDF (General Documentation).pc3,ISO без полей A2 (594.00 x 420.00 мм),1:1,
C:\Восстановлен HDD\Gendannet\HDD2(G)\Потерял\Каталог нетронутый\Моя папка\2022\0802.Р.22\3-1 участок\1. ТС\0802.Р.22-ТС3 1.dwg,КД3,06.01.2023 13:51:18,romas,AutoCAD PDF (General Documentation).pc3,ISO без полей A3 (420.00 x 297.00 мм),1:1,
C:\Восстановлен HDD\Gendannet\HDD2(G)\Потерял\Каталог нетронутый\Моя папка\2022\0802.Р.22\3-1 участок\1. ТС\0802.Р.22-ТС3 1.dwg,Спецификация,06.01.2023 13:51:19,romas,AutoCAD PDF (General Documentation).pc3,Прежний размер листа (891.00 x 420.00 мм),1:1,
C:\Восстановлен HDD\Gendannet\HDD2(G)\Потерял\Каталог нетронутый\Моя папка\2022\0802.Р.22\3-1 участок\1. ТС\0802.Р.22-ТС3 1.dwg,Титульный лист,06.01.2023 13:52:24,romas,AutoCAD PDF (General Documentation).pc3,ISO без полей A4 (297.00 x 210.00 мм),1:1,
C:\Восстановлен HDD\Gendannet\HDD2(G)\Потерял\Каталог нетронутый\Моя папка\2022\0802.Р.22\3-1 участок\1. ТС\0802.Р.22-ТС3 1.dwg,Общие данные (начало),06.01.2023 13:52:25,romas,AutoCAD PDF (General Documentation).pc3,ISO без полей A3 (420.00 x 297.00 мм),1:1,
C:\Восстановлен HDD\Gendannet\HDD2(G)\Потерял\Каталог нетронутый\Моя папка\2022\0802.Р.22\3-1 участок\1. ТС\0802.Р.22-ТС3 1.dwg,Общие данные (окончание),06.01.2023 13:52:27,romas,AutoCAD PDF (General Documentation).pc3,ISO без полей A4 (297.00 x 210.00 мм),1:1,
C:\Восстановлен HDD\Gendannet\HDD2(G)\Потерял\Каталог нетронутый\Моя папка\2022\0802.Р.22\3-1 участок\1. ТС\0802.Р.22-ТС3 1.dwg,ПБ,06.01.2023 13:52:28,romas,AutoCAD PDF (General Documentation).pc3,ISO без полей A4 (297.00 x 210.00 мм),1:1,
C:\Восстановлен HDD\Gendannet\HDD2(G)\Потерял\Каталог нетронутый\Моя папка\2022\0802.Р.22\3-1 участок\1. ТС\0802.Р.22-ТС3 1.dwg,План теплотрассы.,06.01.2023 13:52:29,romas,AutoCAD PDF (General Documentation).pc3,ISO без полей A3 (420.00 x 297.00 мм),1:1,
C:\Восстановлен HDD\Gendannet\HDD2(G)\Потерял\Каталог нетронутый\Моя папка\2022\0802.Р.22\3-1 участок\1. ТС\0802.Р.22-ТС3 1.dwg,Схема теплотрассы.,06.01.2023 13:52:30,romas,AutoCAD PDF (General Documentation).pc3,ISO без полей A3 (420.00 x 297.00 мм),1:1,
C:\Восстановлен HDD\Gendannet\HDD2(G)\Потерял\Каталог нетронутый\Моя папка\2022\0802.Р.22\3-1 участок\1. ТС\0802.Р.22-ТС3 1.dwg,Продольный профиль,06.01.2023 13:52:31,romas,AutoCAD PDF (General Documentation).pc3,Прежний размер листа (891.00 x 420.00 мм),1:1,
C:\Восстановлен HDD\Gendannet\HDD2(G)\Потерял\Каталог нетронутый\Моя папка\2022\0802.Р.22\3-1 участок\1. ТС\0802.Р.22-ТС3 1.dwg,ТК-8014,06.01.2023 13:52:32,romas,AutoCAD PDF (General Documentation).pc3,ISO без полей A2 (594.00 x 420.00 мм),1:1,
C:\Восстановлен HDD\Gendannet\HDD2(G)\Потерял\Каталог нетронутый\Моя папка\2022\0802.Р.22\3-1 участок\1. ТС\0802.Р.22-ТС3 1.dwg,Врезка на д. 24,06.01.2023 13:52:34,romas,AutoCAD PDF (General Documentation).pc3,ISO без полей A2 (594.00 x 420.00 мм),1:1,
C:\Восстановлен HDD\Gendannet\HDD2(G)\Потерял\Каталог нетронутый\Моя папка\2022\0802.Р.22\3-1 участок\1. ТС\0802.Р.22-ТС3 1.dwg,КД3,06.01.2023 13:52:35,romas,AutoCAD PDF (General Documentation).pc3,ISO без полей A3 (420.00 x 297.00 мм),1:1,
C:\Восстановлен HDD\Gendannet\HDD2(G)\Потерял\Каталог нетронутый\Моя папка\2022\0802.Р.22\3-1 участок\1. ТС\0802.Р.22-ТС3 1.dwg,К1,06.01.2023 13:52:36,romas,AutoCAD PDF (General Documentation).pc3,ISO без полей A3 (420.00 x 297.00 мм),1:1,
C:\Восстановлен HDD\Gendannet\HDD2(G)\Потерял\Каталог нетронутый\Моя папка\2022\0802.Р.22\3-1 участок\1. ТС\0802.Р.22-ТС3 1.dwg,Спецификация,06.01.2023 13:52:37,romas,AutoCAD PDF (General Documentation).pc3,Прежний размер листа (891.00 x 420.00 мм),1:1,
C:\Восстановлен HDD\Gendannet\HDD2(G)\Потерял\Каталог нетронутый\Моя папка\2022\0802.Р.22\3-1 участок\1. ТС\0802.Р.22-ТС3 1.dwg,Титульный лист,06.01.2023 13:54:39,romas,AutoCAD PDF (General Documentation).pc3,ISO без полей A4 (297.00 x 210.00 мм),1:1,
C:\Восстановлен HDD\Gendannet\HDD2(G)\Потерял\Каталог нетронутый\Моя папка\2022\0802.Р.22\3-1 участок\1. ТС\0802.Р.22-ТС3 1.dwg,Общие данные (начало),06.01.2023 13:54:40,romas,AutoCAD PDF (General Documentation).pc3,ISO без полей A3 (420.00 x 297.00 мм),1:1,
C:\Восстановлен HDD\Gendannet\HDD2(G)\Потерял\Каталог нетронутый\Моя папка\2022\0802.Р.22\3-1 участок\1. ТС\0802.Р.22-ТС3 1.dwg,Общие данные (окончание),06.01.2023 13:54:41,romas,AutoCAD PDF (General Documentation).pc3,ISO без полей A4 (297.00 x 210.00 мм),1:1,
C:\Восстановлен HDD\Gendannet\HDD2(G)\Потерял\Каталог нетронутый\Моя папка\2022\0802.Р.22\3-1 участок\1. ТС\0802.Р.22-ТС3 1.dwg,ПБ,06.01.2023 13:54:42,romas,AutoCAD PDF (General Documentation).pc3,ISO без полей A4 (297.00 x 210.00 мм),1:1,
C:\Восстановлен HDD\Gendannet\HDD2(G)\Потерял\Каталог нетронутый\Моя папка\2022\0802.Р.22\3-1 участок\1. ТС\0802.Р.22-ТС3 1.dwg,План теплотрассы.,06.01.2023 13:54:43,romas,AutoCAD PDF (General Documentation).pc3,ISO без полей A3 (420.00 x 297.00 мм),1:1,
C:\Восстановлен HDD\Gendannet\HDD2(G)\Потерял\Каталог нетронутый\Моя папка\2022\0802.Р.22\3-1 участок\1. ТС\0802.Р.22-ТС3 1.dwg,Схема теплотрассы.,06.01.2023 13:54:45,romas,AutoCAD PDF (General Documentation).pc3,ISO без полей A3 (420.00 x 297.00 мм),1:1,
C:\Восстановлен HDD\Gendannet\HDD2(G)\Потерял\Каталог нетронутый\Моя папка\2022\0802.Р.22\3-1 участок\1. ТС\0802.Р.22-ТС3 1.dwg,Продольный профиль,06.01.2023 13:54:46,romas,AutoCAD PDF (General Documentation).pc3,Прежний размер листа (891.00 x 420.00 мм),1:1,
C:\Восстановлен HDD\Gendannet\HDD2(G)\Потерял\Каталог нетронутый\Моя папка\2022\0802.Р.22\3-1 участок\1. ТС\0802.Р.22-ТС3 1.dwg,ТК-8014,06.01.2023 13:54:47,romas,AutoCAD PDF (General Documentation).pc3,ISO без полей A2 (594.00 x 420.00 мм),1:1,
C:\Восстановлен HDD\Gendannet\HDD2(G)\Потерял\Каталог нетронутый\Моя папка\2022\0802.Р.22\3-1 участок\1. ТС\0802.Р.22-ТС3 1.dwg,Врезка на д. 24,06.01.2023 13:54:48,romas,AutoCAD PDF (General Documentation).pc3,ISO без полей A2 (594.00 x 420.00 мм),1:1,
C:\Восстановлен HDD\Gendannet\HDD2(G)\Потерял\Каталог нетронутый\Моя папка\2022\0802.Р.22\3-1 участок\1. ТС\0802.Р.22-ТС3 1.dwg,КД3,06.01.2023 13:54:49,romas,AutoCAD PDF (General Documentation).pc3,ISO без полей A3 (420.00 x 297.00 мм),1:1,
C:\Восстановлен HDD\Gendannet\HDD2(G)\Потерял\Каталог нетронутый\Моя папка\2022\0802.Р.22\3-1 участок\1. ТС\0802.Р.22-ТС3 1.dwg,К1,06.01.2023 13:54:51,romas,AutoCAD PDF (General Documentation).pc3,ISO без полей A3 (420.00 x 297.00 мм),1:1,
C:\Восстановлен HDD\Gendannet\HDD2(G)\Потерял\Каталог нетронутый\Моя папка\2022\0802.Р.22\3-1 участок\1. ТС\0802.Р.22-ТС3 1.dwg,Спецификация,06.01.2023 13:54:52,romas,AutoCAD PDF (General Documentation).pc3,Прежний размер листа (891.00 x 420.00 мм),1:1,
C:\Восстановлен HDD\Gendannet\HDD2(G)\Потерял\Каталог нетронутый\Моя папка\2022\0802.Р.22\3-1 участок\1. ТС\0802.Р.22-ТС3 1.dwg,Титульный лист,09.01.2023 13:11:34,romas,AutoCAD PDF (General Documentation).pc3,ISO без полей A4 (297.00 x 210.00 мм),1:1,
C:\Восстановлен HDD\Gendannet\HDD2(G)\Потерял\Каталог нетронутый\Моя папка\2022\0802.Р.22\3-1 участок\1. ТС\0802.Р.22-ТС3 1.dwg,Общие данные (начало),09.01.2023 13:11:35,romas,AutoCAD PDF (General Documentation).pc3,ISO без полей A3 (420.00 x 297.00 мм),1:1,
C:\Восстановлен HDD\Gendannet\HDD2(G)\Потерял\Каталог нетронутый\Моя папка\2022\0802.Р.22\3-1 участок\1. ТС\0802.Р.22-ТС3 1.dwg,Общие данные (окончание),09.01.2023 13:11:36,romas,AutoCAD PDF (General Documentation).pc3,ISO без полей A4 (297.00 x 210.00 мм),1:1,
C:\Восстановлен HDD\Gendannet\HDD2(G)\Потерял\Каталог нетронутый\Моя папка\2022\0802.Р.22\3-1 участок\1. ТС\0802.Р.22-ТС3 1.dwg,ПБ,09.01.2023 13:11:38,romas,AutoCAD PDF (General Documentation).pc3,ISO без полей A4 (297.00 x 210.00 мм),1:1,
C:\Восстановлен HDD\Gendannet\HDD2(G)\Потерял\Каталог нетронутый\Моя папка\2022\0802.Р.22\3-1 участок\1. ТС\0802.Р.22-ТС3 1.dwg,План теплотрассы.,09.01.2023 13:11:39,romas,AutoCAD PDF (General Documentation).pc3,ISO без полей A3 (420.00 x 297.00 мм),1:1,
C:\Восстановлен HDD\Gendannet\HDD2(G)\Потерял\Каталог нетронутый\Моя папка\2022\0802.Р.22\3-1 участок\1. ТС\0802.Р.22-ТС3 1.dwg,Схема теплотрассы.,09.01.2023 13:11:40,romas,AutoCAD PDF (General Documentation).pc3,ISO без полей A3 (420.00 x 297.00 мм),1:1,
C:\Восстановлен HDD\Gendannet\HDD2(G)\Потерял\Каталог нетронутый\Моя папка\2022\0802.Р.22\3-1 участок\1. ТС\0802.Р.22-ТС3 1.dwg,Продольный профиль,09.01.2023 13:11:42,romas,AutoCAD PDF (General Documentation).pc3,Прежний размер листа (891.00 x 420.00 мм),1:1,
C:\Восстановлен HDD\Gendannet\HDD2(G)\Потерял\Каталог нетронутый\Моя папка\2022\0802.Р.22\3-1 участок\1. ТС\0802.Р.22-ТС3 1.dwg,ТК-8014,09.01.2023 13:11:43,romas,AutoCAD PDF (General Documentation).pc3,ISO без полей A2 (594.00 x 420.00 мм),1:1,
C:\Восстановлен HDD\Gendannet\HDD2(G)\Потерял\Каталог нетронутый\Моя папка\2022\0802.Р.22\3-1 участок\1. ТС\0802.Р.22-ТС3 1.dwg,Врезка на д. 24,09.01.2023 13:11:44,romas,AutoCAD PDF (General Documentation).pc3,ISO без полей A2 (594.00 x 420.00 мм),1:1,
C:\Восстановлен HDD\Gendannet\HDD2(G)\Потерял\Каталог нетронутый\Моя папка\2022\0802.Р.22\3-1 участок\1. ТС\0802.Р.22-ТС3 1.dwg,КД3,09.01.2023 13:11:46,romas,AutoCAD PDF (General Documentation).pc3,ISO без полей A3 (420.00 x 297.00 мм),1:1,
C:\Восстановлен HDD\Gendannet\HDD2(G)\Потерял\Каталог нетронутый\Моя папка\2022\0802.Р.22\3-1 участок\1. ТС\0802.Р.22-ТС3 1.dwg,К1,09.01.2023 13:11:47,romas,AutoCAD PDF (General Documentation).pc3,ISO без полей A3 (420.00 x 297.00 мм),1:1,
C:\Восстановлен HDD\Gendannet\HDD2(G)\Потерял\Каталог нетронутый\Моя папка\2022\0802.Р.22\3-1 участок\1. ТС\0802.Р.22-ТС3 1.dwg,Спецификация,09.01.2023 13:11:49,romas,AutoCAD PDF (General Documentation).pc3,Прежний размер листа (891.00 x 420.00 мм),1:1,
C:\Восстановлен HDD\Gendannet\HDD2(G)\Потерял\Каталог нетронутый\Моя папка\2022\0802.Р.22\3-1 участок\1. ТС\0802.Р.22-ТС3 1.dwg,Титульный лист,09.01.2023 13:25:23,romas,AutoCAD PDF (General Documentation).pc3,ISO без полей A4 (297.00 x 210.00 мм),1:1,
C:\Восстановлен HDD\Gendannet\HDD2(G)\Потерял\Каталог нетронутый\Моя папка\2022\0802.Р.22\3-1 участок\1. ТС\0802.Р.22-ТС3 1.dwg,Общие данные (начало),09.01.2023 13:25:24,romas,AutoCAD PDF (General Documentation).pc3,ISO без полей A3 (420.00 x 297.00 мм),1:1,
C:\Восстановлен HDD\Gendannet\HDD2(G)\Потерял\Каталог нетронутый\Моя папка\2022\0802.Р.22\3-1 участок\1. ТС\0802.Р.22-ТС3 1.dwg,Общие данные (окончание),09.01.2023 13:25:25,romas,AutoCAD PDF (General Documentation).pc3,ISO без полей A4 (297.00 x 210.00 мм),1:1,
C:\Восстановлен HDD\Gendannet\HDD2(G)\Потерял\Каталог нетронутый\Моя папка\2022\0802.Р.22\3-1 участок\1. ТС\0802.Р.22-ТС3 1.dwg,ПБ,09.01.2023 13:25:27,romas,AutoCAD PDF (General Documentation).pc3,ISO без полей A4 (297.00 x 210.00 мм),1:1,
C:\Восстановлен HDD\Gendannet\HDD2(G)\Потерял\Каталог нетронутый\Моя папка\2022\0802.Р.22\3-1 участок\1. ТС\0802.Р.22-ТС3 1.dwg,План теплотрассы.,09.01.2023 13:25:28,romas,AutoCAD PDF (General Documentation).pc3,ISO без полей A3 (420.00 x 297.00 мм),1:1,
C:\Восстановлен HDD\Gendannet\HDD2(G)\Потерял\Каталог нетронутый\Моя папка\2022\0802.Р.22\3-1 участок\1. ТС\0802.Р.22-ТС3 1.dwg,Схема теплотрассы.,09.01.2023 13:25:29,romas,AutoCAD PDF (General Documentation).pc3,ISO без полей A3 (420.00 x 297.00 мм),1:1,
C:\Восстановлен HDD\Gendannet\HDD2(G)\Потерял\Каталог нетронутый\Моя папка\2022\0802.Р.22\3-1 участок\1. ТС\0802.Р.22-ТС3 1.dwg,Продольный профиль,09.01.2023 13:25:31,romas,AutoCAD PDF (General Documentation).pc3,Прежний размер листа (891.00 x 420.00 мм),1:1,
C:\Восстановлен HDD\Gendannet\HDD2(G)\Потерял\Каталог нетронутый\Моя папка\2022\0802.Р.22\3-1 участок\1. ТС\0802.Р.22-ТС3 1.dwg,ТК-8014,09.01.2023 13:25:32,romas,AutoCAD PDF (General Documentation).pc3,ISO без полей A2 (594.00 x 420.00 мм),1:1,
C:\Восстановлен HDD\Gendannet\HDD2(G)\Потерял\Каталог нетронутый\Моя папка\2022\0802.Р.22\3-1 участок\1. ТС\0802.Р.22-ТС3 1.dwg,Врезка на д. 24,09.01.2023 13:25:33,romas,AutoCAD PDF (General Documentation).pc3,ISO без полей A2 (594.00 x 420.00 мм),1:1,
C:\Восстановлен HDD\Gendannet\HDD2(G)\Потерял\Каталог нетронутый\Моя папка\2022\0802.Р.22\3-1 участок\1. ТС\0802.Р.22-ТС3 1.dwg,КД3,09.01.2023 13:25:35,romas,AutoCAD PDF (General Documentation).pc3,ISO без полей A3 (420.00 x 297.00 мм),1:1,
C:\Восстановлен HDD\Gendannet\HDD2(G)\Потерял\Каталог нетронутый\Моя папка\2022\0802.Р.22\3-1 участок\1. ТС\0802.Р.22-ТС3 1.dwg,К1,09.01.2023 13:25:36,romas,AutoCAD PDF (General Documentation).pc3,ISO без полей A3 (420.00 x 297.00 мм),1:1,
C:\Восстановлен HDD\Gendannet\HDD2(G)\Потерял\Каталог нетронутый\Моя папка\2022\0802.Р.22\3-1 участок\1. ТС\0802.Р.22-ТС3 1.dwg,Спецификация,09.01.2023 13:25:38,romas,AutoCAD PDF (General Documentation).pc3,Прежний размер листа (891.00 x 420.00 мм),1:1,
C:\Восстановлен HDD\Gendannet\HDD2(G)\Потерял\Каталог нетронутый\Моя папка\2022\0802.Р.22\3-1 участок\1. ТС\0802.Р.22-ТС3 1.dwg,Титульный лист,09.01.2023 14:01:12,romas,AutoCAD PDF (General Documentation).pc3,ISO без полей A4 (297.00 x 210.00 мм),1:1,
C:\Восстановлен HDD\Gendannet\HDD2(G)\Потерял\Каталог нетронутый\Моя папка\2022\0802.Р.22\3-1 участок\1. ТС\0802.Р.22-ТС3 1.dwg,Общие данные (начало),09.01.2023 14:01:13,romas,AutoCAD PDF (General Documentation).pc3,ISO без полей A3 (420.00 x 297.00 мм),1:1,
C:\Восстановлен HDD\Gendannet\HDD2(G)\Потерял\Каталог нетронутый\Моя папка\2022\0802.Р.22\3-1 участок\1. ТС\0802.Р.22-ТС3 1.dwg,Общие данные (окончание),09.01.2023 14:01:15,romas,AutoCAD PDF (General Documentation).pc3,ISO без полей A4 (297.00 x 210.00 мм),1:1,
C:\Восстановлен HDD\Gendannet\HDD2(G)\Потерял\Каталог нетронутый\Моя папка\2022\0802.Р.22\3-1 участок\1. ТС\0802.Р.22-ТС3 1.dwg,ПБ,09.01.2023 14:01:16,romas,AutoCAD PDF (General Documentation).pc3,ISO без полей A4 (297.00 x 210.00 мм),1:1,
C:\Восстановлен HDD\Gendannet\HDD2(G)\Потерял\Каталог нетронутый\Моя папка\2022\0802.Р.22\3-1 участок\1. ТС\0802.Р.22-ТС3 1.dwg,План теплотрассы.,09.01.2023 14:01:17,romas,AutoCAD PDF (General Documentation).pc3,ISO без полей A3 (420.00 x 297.00 мм),1:1,
C:\Восстановлен HDD\Gendannet\HDD2(G)\Потерял\Каталог нетронутый\Моя папка\2022\0802.Р.22\3-1 участок\1. ТС\0802.Р.22-ТС3 1.dwg,Схема теплотрассы.,09.01.2023 14:01:19,romas,AutoCAD PDF (General Documentation).pc3,ISO без полей A3 (420.00 x 297.00 мм),1:1,
C:\Восстановлен HDD\Gendannet\HDD2(G)\Потерял\Каталог нетронутый\Моя папка\2022\0802.Р.22\3-1 участок\1. ТС\0802.Р.22-ТС3 1.dwg,Продольный профиль,09.01.2023 14:01:20,romas,AutoCAD PDF (General Documentation).pc3,Прежний размер листа (891.00 x 420.00 мм),1:1,
C:\Восстановлен HDD\Gendannet\HDD2(G)\Потерял\Каталог нетронутый\Моя папка\2022\0802.Р.22\3-1 участок\1. ТС\0802.Р.22-ТС3 1.dwg,ТК-8014,09.01.2023 14:01:21,romas,AutoCAD PDF (General Documentation).pc3,ISO без полей A2 (594.00 x 420.00 мм),1:1,
C:\Восстановлен HDD\Gendannet\HDD2(G)\Потерял\Каталог нетронутый\Моя папка\2022\0802.Р.22\3-1 участок\1. ТС\0802.Р.22-ТС3 1.dwg,Врезка на д. 24,09.01.2023 14:01:23,romas,AutoCAD PDF (General Documentation).pc3,ISO без полей A2 (594.00 x 420.00 мм),1:1,
C:\Восстановлен HDD\Gendannet\HDD2(G)\Потерял\Каталог нетронутый\Моя папка\2022\0802.Р.22\3-1 участок\1. ТС\0802.Р.22-ТС3 1.dwg,КД3,09.01.2023 14:01:24,romas,AutoCAD PDF (General Documentation).pc3,ISO без полей A3 (420.00 x 297.00 мм),1:1,
C:\Восстановлен HDD\Gendannet\HDD2(G)\Потерял\Каталог нетронутый\Моя папка\2022\0802.Р.22\3-1 участок\1. ТС\0802.Р.22-ТС3 1.dwg,К1,09.01.2023 14:01:26,romas,AutoCAD PDF (General Documentation).pc3,ISO без полей A3 (420.00 x 297.00 мм),1:1,
C:\Восстановлен HDD\Gendannet\HDD2(G)\Потерял\Каталог нетронутый\Моя папка\2022\0802.Р.22\3-1 участок\1. ТС\0802.Р.22-ТС3 1.dwg,Спецификация,09.01.2023 14:01:27,romas,AutoCAD PDF (General Documentation).pc3,Прежний размер листа (891.00 x 420.00 мм),1:1,
